<?xml version="1.0" encoding="UTF-8"?>
<testng-results skipped="1" failed="3" ignored="2" total="8" passed="2">
  <reporter-output>
  </reporter-output>
  <suite name="Suite" duration-ms="345718" started-at="2021-07-18T00:17:53 IST" finished-at="2021-07-18T00:23:39 IST">
    <groups>
      <group name="cucumber">
        <method signature="AbstractTestNGCucumberTests.runScenario(io.cucumber.testng.PickleWrapper, io.cucumber.testng.FeatureWrapper)[pri:0, instance:POMTests.DelectContactrReqTC@40f08448]" name="runScenario" class="io.cucumber.testng.AbstractTestNGCucumberTests"/>
        <method signature="AbstractTestNGCucumberTests.runScenario(io.cucumber.testng.PickleWrapper, io.cucumber.testng.FeatureWrapper)[pri:0, instance:POMTests.NewContactReqTC@166fa74d]" name="runScenario" class="io.cucumber.testng.AbstractTestNGCucumberTests"/>
      </group> <!-- cucumber -->
    </groups>
    <test name="ParallelTest" duration-ms="345718" started-at="2021-07-18T00:17:53 IST" finished-at="2021-07-18T00:23:39 IST">
      <class name="POMTests.NewContactReqTC">
        <test-method status="PASS" signature="startExtentReport()[pri:0, instance:POMTests.NewContactReqTC@166fa74d]" name="startExtentReport" is-config="true" duration-ms="588" started-at="2021-07-18T00:17:52 IST" finished-at="2021-07-18T00:17:53 IST">
          <reporter-output>
          </reporter-output>
        </test-method> <!-- startExtentReport -->
        <test-method status="PASS" signature="TestCaseDetails()[pri:0, instance:POMTests.NewContactReqTC@166fa74d]" name="TestCaseDetails" is-config="true" duration-ms="0" started-at="2021-07-18T00:17:53 IST" finished-at="2021-07-18T00:17:53 IST">
          <reporter-output>
          </reporter-output>
        </test-method> <!-- TestCaseDetails -->
        <test-method status="PASS" signature="setUpClass()[pri:0, instance:POMTests.NewContactReqTC@166fa74d]" name="setUpClass" is-config="true" duration-ms="568" started-at="2021-07-18T00:17:53 IST" finished-at="2021-07-18T00:17:53 IST">
          <reporter-output>
          </reporter-output>
        </test-method> <!-- setUpClass -->
        <test-method status="PASS" signature="testDetails()[pri:0, instance:POMTests.NewContactReqTC@166fa74d]" name="testDetails" is-config="true" duration-ms="130" started-at="2021-07-18T00:17:53 IST" finished-at="2021-07-18T00:17:54 IST">
          <reporter-output>
          </reporter-output>
        </test-method> <!-- testDetails -->
        <test-method status="PASS" signature="loginSFDC(java.lang.String, java.lang.String)[pri:0, instance:POMTests.NewContactReqTC@166fa74d]" name="loginSFDC" is-config="true" duration-ms="41933" started-at="2021-07-18T00:17:56 IST" finished-at="2021-07-18T00:18:38 IST">
          <params>
            <param index="0">
              <value>
                <![CDATA[Chrome]]>
              </value>
            </param>
            <param index="1">
              <value>
                <![CDATA[config]]>
              </value>
            </param>
          </params>
          <reporter-output>
          </reporter-output>
        </test-method> <!-- loginSFDC -->
        <test-method status="FAIL" signature="testContactReq(java.lang.String, java.lang.String)[pri:0, instance:POMTests.NewContactReqTC@166fa74d]" name="testContactReq" duration-ms="114803" started-at="2021-07-18T00:18:38 IST" data-provider="FetchData1" finished-at="2021-07-18T00:20:32 IST">
          <params>
            <param index="0">
              <value>
                <![CDATA[TestLeafeSwFNN]]>
              </value>
            </param>
            <param index="1">
              <value>
                <![CDATA[TestLeafeSwLN]]>
              </value>
            </param>
          </params>
          <exception class="org.openqa.selenium.NoSuchSessionException">
            <message>
              <![CDATA[invalid session id
Build info: version: '4.0.0-alpha-6', revision: '5f43a29cfc'
System info: host: 'DESKTOP-BQK0906', ip: '192.168.1.2', os.name: 'Windows 10', os.arch: 'amd64', os.version: '10.0', java.version: '1.8.0_271'
Driver info: org.openqa.selenium.chrome.ChromeDriver
Capabilities {acceptInsecureCerts: false, browserName: chrome, browserVersion: 91.0.4472.124, chrome: {chromedriverVersion: 91.0.4472.101 (af52a90bf870..., userDataDir: C:\Users\user\AppData\Local...}, goog:chromeOptions: {debuggerAddress: localhost:59495}, javascriptEnabled: true, networkConnectionEnabled: false, pageLoadStrategy: normal, platform: WINDOWS, platformName: WINDOWS, proxy: Proxy(), setWindowRect: true, strictFileInteractability: false, timeouts: {implicit: 0, pageLoad: 300000, script: 30000}, unhandledPromptBehavior: dismiss and notify, webauthn:extension:largeBlob: true, webauthn:virtualAuthenticators: true}
Session ID: a9918a70a4783c8944e359d95cd9a27e]]>
            </message>
            <full-stacktrace>
              <![CDATA[org.openqa.selenium.NoSuchSessionException: invalid session id
Build info: version: '4.0.0-alpha-6', revision: '5f43a29cfc'
System info: host: 'DESKTOP-BQK0906', ip: '192.168.1.2', os.name: 'Windows 10', os.arch: 'amd64', os.version: '10.0', java.version: '1.8.0_271'
Driver info: org.openqa.selenium.chrome.ChromeDriver
Capabilities {acceptInsecureCerts: false, browserName: chrome, browserVersion: 91.0.4472.124, chrome: {chromedriverVersion: 91.0.4472.101 (af52a90bf870..., userDataDir: C:\Users\user\AppData\Local...}, goog:chromeOptions: {debuggerAddress: localhost:59495}, javascriptEnabled: true, networkConnectionEnabled: false, pageLoadStrategy: normal, platform: WINDOWS, platformName: WINDOWS, proxy: Proxy(), setWindowRect: true, strictFileInteractability: false, timeouts: {implicit: 0, pageLoad: 300000, script: 30000}, unhandledPromptBehavior: dismiss and notify, webauthn:extension:largeBlob: true, webauthn:virtualAuthenticators: true}
Session ID: a9918a70a4783c8944e359d95cd9a27e
at sun.reflect.NativeConstructorAccessorImpl.newInstance0(Native Method)
at sun.reflect.NativeConstructorAccessorImpl.newInstance(Unknown Source)
at sun.reflect.DelegatingConstructorAccessorImpl.newInstance(Unknown Source)
at java.lang.reflect.Constructor.newInstance(Unknown Source)
at org.openqa.selenium.remote.codec.w3c.W3CHttpResponseCodec.createException(W3CHttpResponseCodec.java:196)
at org.openqa.selenium.remote.codec.w3c.W3CHttpResponseCodec.decode(W3CHttpResponseCodec.java:129)
at org.openqa.selenium.remote.codec.w3c.W3CHttpResponseCodec.decode(W3CHttpResponseCodec.java:53)
at org.openqa.selenium.remote.HttpCommandExecutor.execute(HttpCommandExecutor.java:160)
at org.openqa.selenium.remote.service.DriverCommandExecutor.execute(DriverCommandExecutor.java:83)
at org.openqa.selenium.remote.RemoteWebDriver.execute(RemoteWebDriver.java:582)
at org.openqa.selenium.remote.RemoteWebDriver.execute(RemoteWebDriver.java:639)
at org.openqa.selenium.remote.RemoteWebDriver.execute(RemoteWebDriver.java:643)
at org.openqa.selenium.remote.RemoteWebDriver.getScreenshotAs(RemoteWebDriver.java:303)
at utilitypackage.UtilityWrapperMethods.takeTestStepScreenshot(UtilityWrapperMethods.java:98)
at utilitypackage.Extentreport.testStepStatus(Extentreport.java:20)
at pagesPOM.ContactRequestDashBoardPage.clickNew(ContactRequestDashBoardPage.java:29)
at POMTests.NewContactReqTC.testContactReq(NewContactReqTC.java:25)
at sun.reflect.NativeMethodAccessorImpl.invoke0(Native Method)
at sun.reflect.NativeMethodAccessorImpl.invoke(Unknown Source)
at sun.reflect.DelegatingMethodAccessorImpl.invoke(Unknown Source)
at java.lang.reflect.Method.invoke(Unknown Source)
at org.testng.internal.MethodInvocationHelper.invokeMethod(MethodInvocationHelper.java:132)
at org.testng.internal.TestInvoker.invokeMethod(TestInvoker.java:599)
at org.testng.internal.TestInvoker.invokeTestMethod(TestInvoker.java:174)
at org.testng.internal.MethodRunner.runInSequence(MethodRunner.java:46)
at org.testng.internal.TestInvoker$MethodInvocationAgent.invoke(TestInvoker.java:822)
at org.testng.internal.TestInvoker.invokeTestMethods(TestInvoker.java:147)
at org.testng.internal.TestMethodWorker.invokeTestMethods(TestMethodWorker.java:146)
at org.testng.internal.TestMethodWorker.run(TestMethodWorker.java:128)
at java.util.concurrent.ThreadPoolExecutor.runWorker(Unknown Source)
at java.util.concurrent.ThreadPoolExecutor$Worker.run(Unknown Source)
at java.lang.Thread.run(Unknown Source)
]]>
            </full-stacktrace>
          </exception> <!-- org.openqa.selenium.NoSuchSessionException -->
          <reporter-output>
          </reporter-output>
        </test-method> <!-- testContactReq -->
        <test-method status="FAIL" signature="logoutSFDC()[pri:0, instance:POMTests.NewContactReqTC@166fa74d]" name="logoutSFDC" is-config="true" duration-ms="9" started-at="2021-07-18T00:20:32 IST" finished-at="2021-07-18T00:20:32 IST">
          <exception class="org.openqa.selenium.NoSuchSessionException">
            <message>
              <![CDATA[invalid session id
Build info: version: '4.0.0-alpha-6', revision: '5f43a29cfc'
System info: host: 'DESKTOP-BQK0906', ip: '192.168.1.2', os.name: 'Windows 10', os.arch: 'amd64', os.version: '10.0', java.version: '1.8.0_271'
Driver info: org.openqa.selenium.chrome.ChromeDriver
Capabilities {acceptInsecureCerts: false, browserName: chrome, browserVersion: 91.0.4472.124, chrome: {chromedriverVersion: 91.0.4472.101 (af52a90bf870..., userDataDir: C:\Users\user\AppData\Local...}, goog:chromeOptions: {debuggerAddress: localhost:59495}, javascriptEnabled: true, networkConnectionEnabled: false, pageLoadStrategy: normal, platform: WINDOWS, platformName: WINDOWS, proxy: Proxy(), setWindowRect: true, strictFileInteractability: false, timeouts: {implicit: 0, pageLoad: 300000, script: 30000}, unhandledPromptBehavior: dismiss and notify, webauthn:extension:largeBlob: true, webauthn:virtualAuthenticators: true}
Session ID: a9918a70a4783c8944e359d95cd9a27e]]>
            </message>
            <full-stacktrace>
              <![CDATA[org.openqa.selenium.NoSuchSessionException: invalid session id
Build info: version: '4.0.0-alpha-6', revision: '5f43a29cfc'
System info: host: 'DESKTOP-BQK0906', ip: '192.168.1.2', os.name: 'Windows 10', os.arch: 'amd64', os.version: '10.0', java.version: '1.8.0_271'
Driver info: org.openqa.selenium.chrome.ChromeDriver
Capabilities {acceptInsecureCerts: false, browserName: chrome, browserVersion: 91.0.4472.124, chrome: {chromedriverVersion: 91.0.4472.101 (af52a90bf870..., userDataDir: C:\Users\user\AppData\Local...}, goog:chromeOptions: {debuggerAddress: localhost:59495}, javascriptEnabled: true, networkConnectionEnabled: false, pageLoadStrategy: normal, platform: WINDOWS, platformName: WINDOWS, proxy: Proxy(), setWindowRect: true, strictFileInteractability: false, timeouts: {implicit: 0, pageLoad: 300000, script: 30000}, unhandledPromptBehavior: dismiss and notify, webauthn:extension:largeBlob: true, webauthn:virtualAuthenticators: true}
Session ID: a9918a70a4783c8944e359d95cd9a27e
at sun.reflect.NativeConstructorAccessorImpl.newInstance0(Native Method)
at sun.reflect.NativeConstructorAccessorImpl.newInstance(Unknown Source)
at sun.reflect.DelegatingConstructorAccessorImpl.newInstance(Unknown Source)
at java.lang.reflect.Constructor.newInstance(Unknown Source)
at org.openqa.selenium.remote.codec.w3c.W3CHttpResponseCodec.createException(W3CHttpResponseCodec.java:196)
at org.openqa.selenium.remote.codec.w3c.W3CHttpResponseCodec.decode(W3CHttpResponseCodec.java:129)
at org.openqa.selenium.remote.codec.w3c.W3CHttpResponseCodec.decode(W3CHttpResponseCodec.java:53)
at org.openqa.selenium.remote.HttpCommandExecutor.execute(HttpCommandExecutor.java:160)
at org.openqa.selenium.remote.service.DriverCommandExecutor.execute(DriverCommandExecutor.java:83)
at org.openqa.selenium.remote.RemoteWebDriver.execute(RemoteWebDriver.java:582)
at org.openqa.selenium.remote.RemoteWebDriver.execute(RemoteWebDriver.java:639)
at org.openqa.selenium.remote.RemoteWebDriver.execute(RemoteWebDriver.java:643)
at org.openqa.selenium.remote.RemoteWebDriver.close(RemoteWebDriver.java:468)
at baseClasses.SeleniumBaseClass.logoutSFDC(SeleniumBaseClass.java:156)
at sun.reflect.NativeMethodAccessorImpl.invoke0(Native Method)
at sun.reflect.NativeMethodAccessorImpl.invoke(Unknown Source)
at sun.reflect.DelegatingMethodAccessorImpl.invoke(Unknown Source)
at java.lang.reflect.Method.invoke(Unknown Source)
at org.testng.internal.MethodInvocationHelper.invokeMethod(MethodInvocationHelper.java:132)
at org.testng.internal.MethodInvocationHelper.invokeMethodConsideringTimeout(MethodInvocationHelper.java:61)
at org.testng.internal.ConfigInvoker.invokeConfigurationMethod(ConfigInvoker.java:366)
at org.testng.internal.ConfigInvoker.invokeConfigurations(ConfigInvoker.java:320)
at org.testng.internal.TestInvoker.runConfigMethods(TestInvoker.java:701)
at org.testng.internal.TestInvoker.runAfterGroupsConfigurations(TestInvoker.java:677)
at org.testng.internal.TestInvoker.invokeMethod(TestInvoker.java:661)
at org.testng.internal.TestInvoker.invokeTestMethod(TestInvoker.java:174)
at org.testng.internal.MethodRunner.runInSequence(MethodRunner.java:46)
at org.testng.internal.TestInvoker$MethodInvocationAgent.invoke(TestInvoker.java:822)
at org.testng.internal.TestInvoker.invokeTestMethods(TestInvoker.java:147)
at org.testng.internal.TestMethodWorker.invokeTestMethods(TestMethodWorker.java:146)
at org.testng.internal.TestMethodWorker.run(TestMethodWorker.java:128)
at java.util.concurrent.ThreadPoolExecutor.runWorker(Unknown Source)
at java.util.concurrent.ThreadPoolExecutor$Worker.run(Unknown Source)
at java.lang.Thread.run(Unknown Source)
]]>
            </full-stacktrace>
          </exception> <!-- org.openqa.selenium.NoSuchSessionException -->
          <reporter-output>
          </reporter-output>
        </test-method> <!-- logoutSFDC -->
        <test-method status="SKIP" signature="loginSFDC(java.lang.String, java.lang.String)[pri:0, instance:POMTests.NewContactReqTC@166fa74d]" name="loginSFDC" is-config="true" duration-ms="-1626547832974" started-at="2021-07-18T00:20:32 IST" finished-at="1970-01-01T05:30:00 IST">
          <reporter-output>
          </reporter-output>
        </test-method> <!-- loginSFDC -->
        <test-method status="SKIP" signature="testContactReq(java.lang.String, java.lang.String)[pri:0, instance:POMTests.NewContactReqTC@166fa74d]" name="testContactReq" duration-ms="0" started-at="2021-07-18T00:20:32 IST" data-provider="FetchData1" finished-at="2021-07-18T00:20:32 IST">
          <params>
            <param index="0">
              <value>
                <![CDATA[TestLeafeSwFNN1]]>
              </value>
            </param>
            <param index="1">
              <value>
                <![CDATA[TestLeafeSwLN1]]>
              </value>
            </param>
          </params>
          <exception class="org.openqa.selenium.NoSuchSessionException">
            <message>
              <![CDATA[invalid session id
Build info: version: '4.0.0-alpha-6', revision: '5f43a29cfc'
System info: host: 'DESKTOP-BQK0906', ip: '192.168.1.2', os.name: 'Windows 10', os.arch: 'amd64', os.version: '10.0', java.version: '1.8.0_271'
Driver info: org.openqa.selenium.chrome.ChromeDriver
Capabilities {acceptInsecureCerts: false, browserName: chrome, browserVersion: 91.0.4472.124, chrome: {chromedriverVersion: 91.0.4472.101 (af52a90bf870..., userDataDir: C:\Users\user\AppData\Local...}, goog:chromeOptions: {debuggerAddress: localhost:59495}, javascriptEnabled: true, networkConnectionEnabled: false, pageLoadStrategy: normal, platform: WINDOWS, platformName: WINDOWS, proxy: Proxy(), setWindowRect: true, strictFileInteractability: false, timeouts: {implicit: 0, pageLoad: 300000, script: 30000}, unhandledPromptBehavior: dismiss and notify, webauthn:extension:largeBlob: true, webauthn:virtualAuthenticators: true}
Session ID: a9918a70a4783c8944e359d95cd9a27e]]>
            </message>
            <full-stacktrace>
              <![CDATA[org.openqa.selenium.NoSuchSessionException: invalid session id
Build info: version: '4.0.0-alpha-6', revision: '5f43a29cfc'
System info: host: 'DESKTOP-BQK0906', ip: '192.168.1.2', os.name: 'Windows 10', os.arch: 'amd64', os.version: '10.0', java.version: '1.8.0_271'
Driver info: org.openqa.selenium.chrome.ChromeDriver
Capabilities {acceptInsecureCerts: false, browserName: chrome, browserVersion: 91.0.4472.124, chrome: {chromedriverVersion: 91.0.4472.101 (af52a90bf870..., userDataDir: C:\Users\user\AppData\Local...}, goog:chromeOptions: {debuggerAddress: localhost:59495}, javascriptEnabled: true, networkConnectionEnabled: false, pageLoadStrategy: normal, platform: WINDOWS, platformName: WINDOWS, proxy: Proxy(), setWindowRect: true, strictFileInteractability: false, timeouts: {implicit: 0, pageLoad: 300000, script: 30000}, unhandledPromptBehavior: dismiss and notify, webauthn:extension:largeBlob: true, webauthn:virtualAuthenticators: true}
Session ID: a9918a70a4783c8944e359d95cd9a27e
at sun.reflect.NativeConstructorAccessorImpl.newInstance0(Native Method)
at sun.reflect.NativeConstructorAccessorImpl.newInstance(Unknown Source)
at sun.reflect.DelegatingConstructorAccessorImpl.newInstance(Unknown Source)
at java.lang.reflect.Constructor.newInstance(Unknown Source)
at org.openqa.selenium.remote.codec.w3c.W3CHttpResponseCodec.createException(W3CHttpResponseCodec.java:196)
at org.openqa.selenium.remote.codec.w3c.W3CHttpResponseCodec.decode(W3CHttpResponseCodec.java:129)
at org.openqa.selenium.remote.codec.w3c.W3CHttpResponseCodec.decode(W3CHttpResponseCodec.java:53)
at org.openqa.selenium.remote.HttpCommandExecutor.execute(HttpCommandExecutor.java:160)
at org.openqa.selenium.remote.service.DriverCommandExecutor.execute(DriverCommandExecutor.java:83)
at org.openqa.selenium.remote.RemoteWebDriver.execute(RemoteWebDriver.java:582)
at org.openqa.selenium.remote.RemoteWebDriver.execute(RemoteWebDriver.java:639)
at org.openqa.selenium.remote.RemoteWebDriver.execute(RemoteWebDriver.java:643)
at org.openqa.selenium.remote.RemoteWebDriver.close(RemoteWebDriver.java:468)
at baseClasses.SeleniumBaseClass.logoutSFDC(SeleniumBaseClass.java:156)
at sun.reflect.NativeMethodAccessorImpl.invoke0(Native Method)
at sun.reflect.NativeMethodAccessorImpl.invoke(Unknown Source)
at sun.reflect.DelegatingMethodAccessorImpl.invoke(Unknown Source)
at java.lang.reflect.Method.invoke(Unknown Source)
at org.testng.internal.MethodInvocationHelper.invokeMethod(MethodInvocationHelper.java:132)
at org.testng.internal.MethodInvocationHelper.invokeMethodConsideringTimeout(MethodInvocationHelper.java:61)
at org.testng.internal.ConfigInvoker.invokeConfigurationMethod(ConfigInvoker.java:366)
at org.testng.internal.ConfigInvoker.invokeConfigurations(ConfigInvoker.java:320)
at org.testng.internal.TestInvoker.runConfigMethods(TestInvoker.java:701)
at org.testng.internal.TestInvoker.runAfterGroupsConfigurations(TestInvoker.java:677)
at org.testng.internal.TestInvoker.invokeMethod(TestInvoker.java:661)
at org.testng.internal.TestInvoker.invokeTestMethod(TestInvoker.java:174)
at org.testng.internal.MethodRunner.runInSequence(MethodRunner.java:46)
at org.testng.internal.TestInvoker$MethodInvocationAgent.invoke(TestInvoker.java:822)
at org.testng.internal.TestInvoker.invokeTestMethods(TestInvoker.java:147)
at org.testng.internal.TestMethodWorker.invokeTestMethods(TestMethodWorker.java:146)
at org.testng.internal.TestMethodWorker.run(TestMethodWorker.java:128)
at java.util.concurrent.ThreadPoolExecutor.runWorker(Unknown Source)
at java.util.concurrent.ThreadPoolExecutor$Worker.run(Unknown Source)
at java.lang.Thread.run(Unknown Source)
]]>
            </full-stacktrace>
          </exception> <!-- org.openqa.selenium.NoSuchSessionException -->
          <reporter-output>
          </reporter-output>
        </test-method> <!-- testContactReq -->
        <test-method status="SKIP" signature="logoutSFDC()[pri:0, instance:POMTests.NewContactReqTC@166fa74d]" name="logoutSFDC" is-config="true" duration-ms="-1626547832999" started-at="2021-07-18T00:20:32 IST" finished-at="1970-01-01T05:30:00 IST">
          <reporter-output>
          </reporter-output>
        </test-method> <!-- logoutSFDC -->
        <test-method status="PASS" signature="tearDownClass()[pri:0, instance:POMTests.NewContactReqTC@166fa74d]" name="tearDownClass" is-config="true" duration-ms="30" started-at="2021-07-18T00:20:33 IST" finished-at="2021-07-18T00:20:33 IST">
          <reporter-output>
          </reporter-output>
        </test-method> <!-- tearDownClass -->
        <test-method status="PASS" signature="stopReport()[pri:0, instance:POMTests.NewContactReqTC@166fa74d]" name="stopReport" is-config="true" duration-ms="1511" started-at="2021-07-18T00:23:39 IST" finished-at="2021-07-18T00:23:40 IST">
          <reporter-output>
          </reporter-output>
        </test-method> <!-- stopReport -->
      </class> <!-- POMTests.NewContactReqTC -->
      <class name="POMTests.DelectContactrReqTC">
        <test-method status="PASS" signature="TestCaseDetails()[pri:0, instance:POMTests.DelectContactrReqTC@40f08448]" name="TestCaseDetails" is-config="true" duration-ms="0" started-at="2021-07-18T00:17:53 IST" finished-at="2021-07-18T00:17:53 IST">
          <reporter-output>
          </reporter-output>
        </test-method> <!-- TestCaseDetails -->
        <test-method status="PASS" signature="setUpClass()[pri:0, instance:POMTests.DelectContactrReqTC@40f08448]" name="setUpClass" is-config="true" duration-ms="503" started-at="2021-07-18T00:17:53 IST" finished-at="2021-07-18T00:17:53 IST">
          <reporter-output>
          </reporter-output>
        </test-method> <!-- setUpClass -->
        <test-method status="PASS" signature="testDetails()[pri:0, instance:POMTests.DelectContactrReqTC@40f08448]" name="testDetails" is-config="true" duration-ms="25" started-at="2021-07-18T00:17:53 IST" finished-at="2021-07-18T00:17:54 IST">
          <reporter-output>
          </reporter-output>
        </test-method> <!-- testDetails -->
        <test-method status="PASS" signature="loginSFDC(java.lang.String, java.lang.String)[pri:0, instance:POMTests.DelectContactrReqTC@40f08448]" name="loginSFDC" is-config="true" duration-ms="68930" started-at="2021-07-18T00:17:56 IST" finished-at="2021-07-18T00:19:05 IST">
          <params>
            <param index="0">
              <value>
                <![CDATA[Chrome]]>
              </value>
            </param>
            <param index="1">
              <value>
                <![CDATA[config]]>
              </value>
            </param>
          </params>
          <reporter-output>
          </reporter-output>
        </test-method> <!-- loginSFDC -->
        <test-method status="FAIL" signature="deleteContactReq(java.lang.String)[pri:0, instance:POMTests.DelectContactrReqTC@40f08448]" name="deleteContactReq" duration-ms="82449" started-at="2021-07-18T00:19:05 IST" data-provider="FetchData1" finished-at="2021-07-18T00:20:27 IST">
          <params>
            <param index="0">
              <value>
                <![CDATA[00000040]]>
              </value>
            </param>
          </params>
          <exception class="java.lang.RuntimeException">
            <full-stacktrace>
              <![CDATA[java.lang.RuntimeException
at utilitypackage.Extentreport.testStepStatus(Extentreport.java:21)
at pagesPOM.ContactRequestDashBoardPage.clickDownIcon(ContactRequestDashBoardPage.java:68)
at POMTests.DelectContactrReqTC.deleteContactReq(DelectContactrReqTC.java:28)
at sun.reflect.NativeMethodAccessorImpl.invoke0(Native Method)
at sun.reflect.NativeMethodAccessorImpl.invoke(Unknown Source)
at sun.reflect.DelegatingMethodAccessorImpl.invoke(Unknown Source)
at java.lang.reflect.Method.invoke(Unknown Source)
at org.testng.internal.MethodInvocationHelper.invokeMethod(MethodInvocationHelper.java:132)
at org.testng.internal.TestInvoker.invokeMethod(TestInvoker.java:599)
at org.testng.internal.TestInvoker.invokeTestMethod(TestInvoker.java:174)
at org.testng.internal.MethodRunner.runInSequence(MethodRunner.java:46)
at org.testng.internal.TestInvoker$MethodInvocationAgent.invoke(TestInvoker.java:822)
at org.testng.internal.TestInvoker.invokeTestMethods(TestInvoker.java:147)
at org.testng.internal.TestMethodWorker.invokeTestMethods(TestMethodWorker.java:146)
at org.testng.internal.TestMethodWorker.run(TestMethodWorker.java:128)
at java.util.concurrent.ThreadPoolExecutor.runWorker(Unknown Source)
at java.util.concurrent.ThreadPoolExecutor$Worker.run(Unknown Source)
at java.lang.Thread.run(Unknown Source)
]]>
            </full-stacktrace>
          </exception> <!-- java.lang.RuntimeException -->
          <reporter-output>
          </reporter-output>
        </test-method> <!-- deleteContactReq -->
        <test-method status="PASS" signature="logoutSFDC()[pri:0, instance:POMTests.DelectContactrReqTC@40f08448]" name="logoutSFDC" is-config="true" duration-ms="5202" started-at="2021-07-18T00:20:27 IST" finished-at="2021-07-18T00:20:32 IST">
          <reporter-output>
          </reporter-output>
        </test-method> <!-- logoutSFDC -->
        <test-method status="PASS" signature="loginSFDC(java.lang.String, java.lang.String)[pri:0, instance:POMTests.DelectContactrReqTC@40f08448]" name="loginSFDC" is-config="true" duration-ms="25464" started-at="2021-07-18T00:20:32 IST" finished-at="2021-07-18T00:20:58 IST">
          <params>
            <param index="0">
              <value>
                <![CDATA[Chrome]]>
              </value>
            </param>
            <param index="1">
              <value>
                <![CDATA[config]]>
              </value>
            </param>
          </params>
          <reporter-output>
          </reporter-output>
        </test-method> <!-- loginSFDC -->
        <test-method status="PASS" signature="deleteContactReq(java.lang.String)[pri:0, instance:POMTests.DelectContactrReqTC@40f08448]" name="deleteContactReq" duration-ms="41942" started-at="2021-07-18T00:20:58 IST" data-provider="FetchData1" finished-at="2021-07-18T00:21:40 IST">
          <params>
            <param index="0">
              <value>
                <![CDATA[00000041]]>
              </value>
            </param>
          </params>
          <reporter-output>
          </reporter-output>
        </test-method> <!-- deleteContactReq -->
        <test-method status="PASS" signature="logoutSFDC()[pri:0, instance:POMTests.DelectContactrReqTC@40f08448]" name="logoutSFDC" is-config="true" duration-ms="3111" started-at="2021-07-18T00:21:40 IST" finished-at="2021-07-18T00:21:43 IST">
          <reporter-output>
          </reporter-output>
        </test-method> <!-- logoutSFDC -->
        <test-method status="PASS" signature="loginSFDC(java.lang.String, java.lang.String)[pri:0, instance:POMTests.DelectContactrReqTC@40f08448]" name="loginSFDC" is-config="true" duration-ms="20279" started-at="2021-07-18T00:21:43 IST" finished-at="2021-07-18T00:22:03 IST">
          <params>
            <param index="0">
              <value>
                <![CDATA[Chrome]]>
              </value>
            </param>
            <param index="1">
              <value>
                <![CDATA[config]]>
              </value>
            </param>
          </params>
          <reporter-output>
          </reporter-output>
        </test-method> <!-- loginSFDC -->
        <test-method status="PASS" signature="deleteContactReq(java.lang.String)[pri:0, instance:POMTests.DelectContactrReqTC@40f08448]" name="deleteContactReq" duration-ms="48619" started-at="2021-07-18T00:22:03 IST" data-provider="FetchData1" finished-at="2021-07-18T00:22:52 IST">
          <params>
            <param index="0">
              <value>
                <![CDATA[00000042]]>
              </value>
            </param>
          </params>
          <reporter-output>
          </reporter-output>
        </test-method> <!-- deleteContactReq -->
        <test-method status="PASS" signature="logoutSFDC()[pri:0, instance:POMTests.DelectContactrReqTC@40f08448]" name="logoutSFDC" is-config="true" duration-ms="886" started-at="2021-07-18T00:22:52 IST" finished-at="2021-07-18T00:22:53 IST">
          <reporter-output>
          </reporter-output>
        </test-method> <!-- logoutSFDC -->
        <test-method status="PASS" signature="loginSFDC(java.lang.String, java.lang.String)[pri:0, instance:POMTests.DelectContactrReqTC@40f08448]" name="loginSFDC" is-config="true" duration-ms="25586" started-at="2021-07-18T00:22:53 IST" finished-at="2021-07-18T00:23:18 IST">
          <params>
            <param index="0">
              <value>
                <![CDATA[Chrome]]>
              </value>
            </param>
            <param index="1">
              <value>
                <![CDATA[config]]>
              </value>
            </param>
          </params>
          <reporter-output>
          </reporter-output>
        </test-method> <!-- loginSFDC -->
        <test-method status="FAIL" signature="deleteContactReq(java.lang.String)[pri:0, instance:POMTests.DelectContactrReqTC@40f08448]" name="deleteContactReq" duration-ms="15577" started-at="2021-07-18T00:23:18 IST" data-provider="FetchData1" finished-at="2021-07-18T00:23:34 IST">
          <params>
            <param index="0">
              <value>
                <![CDATA[00000043]]>
              </value>
            </param>
          </params>
          <exception class="java.lang.RuntimeException">
            <full-stacktrace>
              <![CDATA[java.lang.RuntimeException
at utilitypackage.Extentreport.testStepStatus(Extentreport.java:21)
at pagesPOM.AppLauncher.ClickContactReq(AppLauncher.java:28)
at POMTests.DelectContactrReqTC.deleteContactReq(DelectContactrReqTC.java:27)
at sun.reflect.NativeMethodAccessorImpl.invoke0(Native Method)
at sun.reflect.NativeMethodAccessorImpl.invoke(Unknown Source)
at sun.reflect.DelegatingMethodAccessorImpl.invoke(Unknown Source)
at java.lang.reflect.Method.invoke(Unknown Source)
at org.testng.internal.MethodInvocationHelper.invokeMethod(MethodInvocationHelper.java:132)
at org.testng.internal.TestInvoker.invokeMethod(TestInvoker.java:599)
at org.testng.internal.TestInvoker.invokeTestMethod(TestInvoker.java:174)
at org.testng.internal.MethodRunner.runInSequence(MethodRunner.java:46)
at org.testng.internal.TestInvoker$MethodInvocationAgent.invoke(TestInvoker.java:822)
at org.testng.internal.TestInvoker.invokeTestMethods(TestInvoker.java:147)
at org.testng.internal.TestMethodWorker.invokeTestMethods(TestMethodWorker.java:146)
at org.testng.internal.TestMethodWorker.run(TestMethodWorker.java:128)
at java.util.concurrent.ThreadPoolExecutor.runWorker(Unknown Source)
at java.util.concurrent.ThreadPoolExecutor$Worker.run(Unknown Source)
at java.lang.Thread.run(Unknown Source)
]]>
            </full-stacktrace>
          </exception> <!-- java.lang.RuntimeException -->
          <reporter-output>
          </reporter-output>
        </test-method> <!-- deleteContactReq -->
        <test-method status="PASS" signature="logoutSFDC()[pri:0, instance:POMTests.DelectContactrReqTC@40f08448]" name="logoutSFDC" is-config="true" duration-ms="4709" started-at="2021-07-18T00:23:34 IST" finished-at="2021-07-18T00:23:39 IST">
          <reporter-output>
          </reporter-output>
        </test-method> <!-- logoutSFDC -->
        <test-method status="PASS" signature="tearDownClass()[pri:0, instance:POMTests.DelectContactrReqTC@40f08448]" name="tearDownClass" is-config="true" duration-ms="6" started-at="2021-07-18T00:23:39 IST" finished-at="2021-07-18T00:23:39 IST">
          <reporter-output>
          </reporter-output>
        </test-method> <!-- tearDownClass -->
      </class> <!-- POMTests.DelectContactrReqTC -->
    </test> <!-- ParallelTest -->
  </suite> <!-- Suite -->
</testng-results>
